\BOOKMARK [1][-]{section.1}{\376\377\000I\000n\000t\000r\000o\000d\000u\000c\000t\000i\000o\000n}{}% 1
\BOOKMARK [2][-]{subsection.1.1}{\376\377\000L\000i\000t\000e\000r\000a\000t\000u\000r\000e\000\040\000r\000e\000v\000i\000e\000w}{section.1}% 2
\BOOKMARK [1][-]{section.2}{\376\377\000M\000e\000t\000h\000o\000d\000o\000l\000o\000g\000y}{}% 3
\BOOKMARK [2][-]{subsection.2.1}{\376\377\000S\000t\000r\000u\000c\000t\000u\000r\000e\000\040\000o\000f\000\040\000t\000h\000e\000\040\000q\000u\000a\000d\000c\000o\000p\000t\000e\000r}{section.2}% 4
\BOOKMARK [2][-]{subsection.2.2}{\376\377\000T\000h\000r\000u\000s\000t\000\040\000O\000v\000e\000r\000v\000i\000e\000w}{section.2}% 5
\BOOKMARK [2][-]{subsection.2.3}{\376\377\000Q\000u\000a\000d\000c\000o\000p\000t\000e\000r\000\040\000p\000o\000s\000i\000t\000i\000o\000n\000\040\000m\000a\000n\000i\000p\000u\000l\000a\000t\000i\000o\000n}{section.2}% 6
\BOOKMARK [3][-]{subsubsection.2.3.1}{\376\377\000E\000l\000e\000c\000t\000r\000o\000n\000i\000c\000\040\000S\000p\000e\000e\000d\000\040\000C\000o\000n\000t\000r\000o\000l\000l\000e\000r\000s\000\040\000\050\000E\000S\000C\000s\000\051}{subsection.2.3}% 7
\BOOKMARK [3][-]{subsubsection.2.3.2}{\376\377\000P\000i\000t\000c\000h}{subsection.2.3}% 8
\BOOKMARK [3][-]{subsubsection.2.3.3}{\376\377\000R\000o\000l\000l}{subsection.2.3}% 9
\BOOKMARK [3][-]{subsubsection.2.3.4}{\376\377\000Y\000a\000w}{subsection.2.3}% 10
\BOOKMARK [3][-]{subsubsection.2.3.5}{\376\377\000I\000M\000U\000\050\000I\000n\000e\000r\000t\000i\000a\000l\000\040\000M\000e\000a\000s\000u\000r\000e\000m\000e\000n\000t\000\040\000U\000n\000i\000t\000\051}{subsection.2.3}% 11
\BOOKMARK [3][-]{subsubsection.2.3.6}{\376\377\000F\000l\000i\000g\000h\000t\000\040\000c\000o\000n\000t\000r\000o\000l\000l\000e\000r}{subsection.2.3}% 12
\BOOKMARK [2][-]{subsection.2.4}{\376\377\000C\000o\000n\000t\000r\000o\000l\000\040\000a\000n\000d\000\040\000E\000s\000t\000i\000m\000a\000t\000i\000o\000n}{section.2}% 13
\BOOKMARK [3][-]{subsubsection.2.4.1}{\376\377\000Q\000u\000a\000t\000e\000r\000n\000i\000a\000n\000s}{subsection.2.4}% 14
\BOOKMARK [3][-]{subsubsection.2.4.2}{\376\377\000A\000t\000t\000i\000t\000u\000d\000e\000\040\000d\000y\000n\000a\000m\000i\000c\000s}{subsection.2.4}% 15
\BOOKMARK [3][-]{subsubsection.2.4.3}{\376\377\000A\000l\000t\000i\000t\000u\000d\000e\000\040\000c\000o\000n\000t\000r\000o\000l}{subsection.2.4}% 16
\BOOKMARK [3][-]{subsubsection.2.4.4}{\376\377\000P\000D\000\040\000c\000o\000n\000t\000r\000o\000l}{subsection.2.4}% 17
\BOOKMARK [3][-]{subsubsection.2.4.5}{\376\377\000S\000i\000m\000u\000l\000a\000t\000i\000o\000n\000s}{subsection.2.4}% 18
\BOOKMARK [2][-]{subsection.2.5}{\376\377\000P\000o\000s\000i\000t\000i\000o\000n\000\040\000c\000o\000n\000t\000r\000o\000l}{section.2}% 19
\BOOKMARK [3][-]{subsubsection.2.5.1}{\376\377\000P\000I\000D\000\040\000c\000o\000n\000t\000r\000o\000l}{subsection.2.5}% 20
\BOOKMARK [2][-]{subsection.2.6}{\376\377\000S\000i\000m\000u\000l\000a\000t\000i\000o\000n\000s}{section.2}% 21
\BOOKMARK [1][-]{section.3}{\376\377\000h\000a\000r\000d\000w\000a\000r\000e}{}% 22
\BOOKMARK [2][-]{subsection.3.1}{\376\377\000M\000o\000t\000o\000r\000s}{section.3}% 23
\BOOKMARK [2][-]{subsection.3.2}{\376\377\000R\000a\000d\000i\000o}{section.3}% 24
\BOOKMARK [2][-]{subsection.3.3}{\376\377\000R\000e\000c\000e\000i\000v\000e\000r}{section.3}% 25
\BOOKMARK [2][-]{subsection.3.4}{\376\377\000F\000l\000i\000g\000h\000t\000\040\000C\000o\000n\000t\000r\000o\000l\000l\000e\000r}{section.3}% 26
\BOOKMARK [3][-]{subsubsection.3.4.1}{\376\377\000R\000a\000s\000p\000b\000e\000r\000r\000y\000\040\000P\000i}{subsection.3.4}% 27
\BOOKMARK [3][-]{subsubsection.3.4.2}{\376\377\000E\000S\000P\0003\0002}{subsection.3.4}% 28
\BOOKMARK [2][-]{subsection.3.5}{\376\377\000I\000n\000e\000r\000t\000i\000a\000l\000\040\000M\000e\000a\000s\000u\000r\000e\000m\000e\000n\000t\000\040\000U\000n\000i\000t\000\040\000\050\000I\000M\000U\000\051}{section.3}% 29
\BOOKMARK [2][-]{subsection.3.6}{\376\377\000E\000S\000C\000'\000s\000\040\000\050\000E\000l\000e\000c\000t\000r\000o\000n\000i\000c\000\040\000S\000p\000e\000e\000d\000\040\000C\000o\000n\000t\000r\000o\000l\000l\000e\000r\000\051}{section.3}% 30
\BOOKMARK [2][-]{subsection.3.7}{\376\377\000P\000o\000w\000e\000r\000\040\000D\000i\000s\000t\000r\000i\000b\000u\000t\000i\000o\000n\000\040\000b\000o\000a\000r\000d}{section.3}% 31
\BOOKMARK [2][-]{subsection.3.8}{\376\377\000P\000r\000o\000p\000e\000l\000l\000e\000r\000s}{section.3}% 32
\BOOKMARK [2][-]{subsection.3.9}{\376\377\000V\000o\000l\000t\000a\000g\000e\000\040\000R\000e\000g\000u\000l\000a\000t\000o\000r}{section.3}% 33
\BOOKMARK [2][-]{subsection.3.10}{\376\377\000B\000a\000t\000t\000e\000r\000y}{section.3}% 34
\BOOKMARK [2][-]{subsection.3.11}{\376\377\000S\000e\000n\000s\000o\000r\000s}{section.3}% 35
\BOOKMARK [3][-]{subsubsection.3.11.1}{\376\377\000G\000N\000S\000S\000\040\000R\000o\000v\000e\000r\000\040\000M\000o\000d\000u\000l\000e}{subsection.3.11}% 36
\BOOKMARK [3][-]{subsubsection.3.11.2}{\376\377\000G\000N\000S\000S\000\040\000B\000a\000s\000e\000\040\000S\000t\000a\000t\000i\000o\000n}{subsection.3.11}% 37
\BOOKMARK [3][-]{subsubsection.3.11.3}{\376\377\000B\000a\000s\000e\000\040\000s\000t\000a\000t\000i\000o\000n\000\040\000c\000o\000n\000t\000a\000i\000n\000e\000r\000\040\000a\000n\000d\000\040\000s\000t\000a\000n\000d}{subsection.3.11}% 38
\BOOKMARK [3][-]{subsubsection.3.11.4}{\376\377\000T\000i\000m\000e\000\040\000o\000f\000\040\000F\000l\000i\000g\000h\000t\000\040\000s\000e\000n\000s\000o\000r}{subsection.3.11}% 39
\BOOKMARK [3][-]{subsubsection.3.11.5}{\376\377\000B\000a\000r\000o\000m\000e\000t\000e\000r}{subsection.3.11}% 40
\BOOKMARK [3][-]{subsubsection.3.11.6}{\376\377\000A\000n\000e\000m\000o\000m\000e\000t\000e\000r}{subsection.3.11}% 41
\BOOKMARK [2][-]{subsection.3.12}{\376\377\000H\000a\000r\000d\000w\000a\000r\000e\000\040\000s\000c\000h\000e\000m\000a\000t\000i\000c}{section.3}% 42
\BOOKMARK [2][-]{subsection.3.13}{\376\377\000C\000o\000s\000t\000\040\000o\000f\000\040\000m\000a\000t\000e\000r\000i\000a\000l\000s}{section.3}% 43
\BOOKMARK [2][-]{subsection.3.14}{\376\377\000P\000C\000B\000\040\000d\000e\000s\000i\000g\000n}{section.3}% 44
\BOOKMARK [3][-]{subsubsection.3.14.1}{\376\377\000R\000a\000s\000p\000b\000e\000r\000r\000y\000\040\000P\000i\000\040\000P\000C\000B}{subsection.3.14}% 45
\BOOKMARK [3][-]{subsubsection.3.14.2}{\376\377\000E\000S\000P\000\040\000P\000C\000B}{subsection.3.14}% 46
\BOOKMARK [3][-]{subsubsection.3.14.3}{\376\377\000S\000e\000n\000s\000o\000r\000\040\000P\000C\000B}{subsection.3.14}% 47
\BOOKMARK [1][-]{section.4}{\376\377\000S\000o\000f\000t\000w\000a\000r\000e}{}% 48
\BOOKMARK [1][-]{section.5}{\376\377\000A\000l\000t\000i\000t\000u\000d\000e\000\040\000c\000o\000n\000t\000r\000o\000l}{}% 49
\BOOKMARK [1][-]{section.6}{\376\377\000P\000o\000s\000i\000t\000i\000o\000n\000\040\000c\000o\000n\000t\000r\000o\000l}{}% 50
